0 info it worked if it ends with ok
1 verbose cli [ 'C:\\Program Files\\nodejs\\node.exe',
1 verbose cli   'C:\\Program Files\\nodejs\\node_modules\\npm\\bin\\npm-cli.js',
1 verbose cli   'run',
1 verbose cli   'users' ]
2 info using npm@3.10.10
3 info using node@v6.10.3
4 verbose run-script [ 'preusers', 'users', 'postusers' ]
5 info lifecycle project2@1.0.0~preusers: project2@1.0.0
6 silly lifecycle project2@1.0.0~preusers: no script for preusers, continuing
7 info lifecycle project2@1.0.0~users: project2@1.0.0
8 verbose lifecycle project2@1.0.0~users: unsafe-perm in lifecycle true
9 verbose lifecycle project2@1.0.0~users: PATH: C:\Program Files\nodejs\node_modules\npm\bin\node-gyp-bin;C:\Users\takatanium\Documents\BootCamp\UCB-Project2\Project2\node_modules\.bin;C:\ProgramData\Anaconda2;C:\ProgramData\Anaconda2\Library\mingw-w64\bin;C:\ProgramData\Anaconda2\Library\usr\bin;C:\ProgramData\Anaconda2\Library\bin;C:\ProgramData\Anaconda2\Scripts;C:\ProgramData\Oracle\Java\javapath;C:\Program Files\Dell\DW WLAN Card;C:\WINDOWS\system32;C:\WINDOWS;C:\WINDOWS\System32\Wbem;C:\WINDOWS\System32\WindowsPowerShell\v1.0\;c:\Program Files\WIDCOMM\Bluetooth Software\;c:\Program Files\WIDCOMM\Bluetooth Software\syswow64;C:\php;C:\Apache24;C:\Apache24\bin;C:\WINDOWS\system32\config\systemprofile\.dnx\bin;C:\Program Files\Microsoft DNX\Dnvm\;C:\Program Files\Microsoft SQL Server\130\Tools\Binn\;C:\Program Files\OpenVPN\bin;C:\Program Files (x86)\Skype\Phone\;C:\Program Files\Git\cmd;C:\Program Files\nodejs\;C:\Program Files (x86)\GtkSharp\2.12\bin;C:\Users\takatanium\AppData\Local\Microsoft\WindowsApps;C:\Program Files\Sublime Text 3;C:\Program Files\Heroku\bin;C:\Users\takatanium\AppData\Roaming\npm;C:\Users\takatanium\AppData\Local\Google\Cloud SDK\google-cloud-sdk\bin;C:\Python27;C:\Python27\scripts;C:\Program Files\MySQL\MySQL Server 5.7\bin;%USERPROFILE%\AppData\Local\Microsoft\WindowsApps;
10 verbose lifecycle project2@1.0.0~users: CWD: C:\Users\takatanium\Documents\BootCamp\UCB-Project2\Project2
11 silly lifecycle project2@1.0.0~users: Args: [ '/d /s /c',
11 silly lifecycle   'mysql -h 127.0.0.1 -utestuser < ./sequel/users.sql' ]
12 silly lifecycle project2@1.0.0~users: Returned: code: 1  signal: null
13 info lifecycle project2@1.0.0~users: Failed to exec users script
14 verbose stack Error: project2@1.0.0 users: `mysql -h 127.0.0.1 -utestuser < ./sequel/users.sql`
14 verbose stack Exit status 1
14 verbose stack     at EventEmitter.<anonymous> (C:\Program Files\nodejs\node_modules\npm\lib\utils\lifecycle.js:255:16)
14 verbose stack     at emitTwo (events.js:106:13)
14 verbose stack     at EventEmitter.emit (events.js:191:7)
14 verbose stack     at ChildProcess.<anonymous> (C:\Program Files\nodejs\node_modules\npm\lib\utils\spawn.js:40:14)
14 verbose stack     at emitTwo (events.js:106:13)
14 verbose stack     at ChildProcess.emit (events.js:191:7)
14 verbose stack     at maybeClose (internal/child_process.js:886:16)
14 verbose stack     at Process.ChildProcess._handle.onexit (internal/child_process.js:226:5)
15 verbose pkgid project2@1.0.0
16 verbose cwd C:\Users\takatanium\Documents\BootCamp\UCB-Project2\Project2\sequel
17 error Windows_NT 10.0.16299
18 error argv "C:\\Program Files\\nodejs\\node.exe" "C:\\Program Files\\nodejs\\node_modules\\npm\\bin\\npm-cli.js" "run" "users"
19 error node v6.10.3
20 error npm  v3.10.10
21 error code ELIFECYCLE
22 error project2@1.0.0 users: `mysql -h 127.0.0.1 -utestuser < ./sequel/users.sql`
22 error Exit status 1
23 error Failed at the project2@1.0.0 users script 'mysql -h 127.0.0.1 -utestuser < ./sequel/users.sql'.
23 error Make sure you have the latest version of node.js and npm installed.
23 error If you do, this is most likely a problem with the project2 package,
23 error not with npm itself.
23 error Tell the author that this fails on your system:
23 error     mysql -h 127.0.0.1 -utestuser < ./sequel/users.sql
23 error You can get information on how to open an issue for this project with:
23 error     npm bugs project2
23 error Or if that isn't available, you can get their info via:
23 error     npm owner ls project2
23 error There is likely additional logging output above.
24 verbose exit [ 1, true ]
